 
 *** 
 obj  

Name                           Value
----                           -----
VM Name                        win11sea
Private IP Address             10.1.0.4
ID                             /subscriptions/0c405f85-9068-46a6-b1c7-766b17bbd…
Power State                    vm deallocated
Resource Group                 2023-01-win11sea
Virtual Network                2023-01-win11sea-vnet
Subnet                         default
Data Disk Size (GB)            
Resource U                     1
SLA                            99.9%
Location                       southeastasia
Accelerated Networking         True
Update Management              automaticbyos
OS Version                     
Subscription                   MCAPS-Smithm-External
OS Disk Storage Type           premium_lrs
NIC Type                       standard
NIC Name                       win11sea73
Azure Services                 Azure Virtual Machines
Admin Username                 smithm
RPO                            LRS
Azure Monitor                  False
OS Type                        windows
RTO                            60 minutes
OS Name                        
Hybrid Benefit                 windows_client
Data Disk Storage Type         
IP Forwarding                  False
Image Reference                microsoftwindowsdesktop
Tag Name                       
DNS Servers                    
Private IP Allocation          dynamic
Performance Agent              False
Availability Set               False
OS Disk Size (GB)              127
VM Size                        standard_d16s_v5
VM Extensions                  microsoft.azure.azuredefenderforservers,  micros…
NSG                            win11sea-nsg
Public IP                      win11sea-ip
Resource Name                  win11sea
Zones                          
Image Version                  22000.1335.221202
Tag Value                      
Boot Diagnostics               True

 *** 
 
 
 *** 
 obj  

Name                           Value
----                           -----
VM Name                        0b09035d125446e3a74153970c4efcaf
Private IP Address             10.139.0.4
ID                             /subscriptions/0c405f85-9068-46a6-b1c7-766b17bbd…
Power State                    vm running
Resource Group                 databricks-rg-smi15dbk-jklhkrzkawkxi
Virtual Network                workers-vnet
Subnet                         public-subnet
Data Disk Size (GB)            384
Resource U                     1
SLA                            N/A
Location                       westeurope
Accelerated Networking         True
Update Management              imagedefault
OS Version                     18.04
Subscription                   MCAPS-Smithm-External
OS Disk Storage Type           
NIC Type                       standard
NIC Name                       0b09035d125446e3a74153970c4efcaf-publicnic
Azure Services                 Azure Virtual Machines
Admin Username                 ubuntu
RPO                            N/A
Azure Monitor                  False
OS Type                        linux
RTO                            N/A
OS Name                        ubuntu
Hybrid Benefit                 None
Data Disk Storage Type         2 Disks found.
IP Forwarding                  False
Image Reference                azuredatabricks
Tag Name                       
DNS Servers                    
Private IP Allocation          dynamic
Performance Agent              False
Availability Set               False
OS Disk Size (GB)              
VM Size                        standard_ds3_v2
VM Extensions                  
NSG                            None
Public IP                      0b09035d125446e3a74153970c4efcaf-publicip
Resource Name                  0b09035d125446e3a74153970c4efcaf
Zones                          
Image Version                  3.92.0
Tag Value                      
Boot Diagnostics               False

 *** 
 
 
 *** 
 obj  

Name                           Value
----                           -----
VM Name                        0b09035d125446e3a74153970c4efcaf
Private IP Address             10.139.64.4
ID                             /subscriptions/0c405f85-9068-46a6-b1c7-766b17bbd…
Power State                    vm running
Resource Group                 databricks-rg-smi15dbk-jklhkrzkawkxi
Virtual Network                workers-vnet
Subnet                         private-subnet
Data Disk Size (GB)            384
Resource U                     0
SLA                            N/A
Location                       westeurope
Accelerated Networking         True
Update Management              imagedefault
OS Version                     18.04
Subscription                   MCAPS-Smithm-External
OS Disk Storage Type           
NIC Type                       standard
NIC Name                       0b09035d125446e3a74153970c4efcaf-privatenic
Azure Services                 Azure Virtual Machines
Admin Username                 ubuntu
RPO                            N/A
Azure Monitor                  False
OS Type                        linux
RTO                            N/A
OS Name                        ubuntu
Hybrid Benefit                 None
Data Disk Storage Type         2 Disks found.
IP Forwarding                  False
Image Reference                azuredatabricks
Tag Name                       
DNS Servers                    
Private IP Allocation          dynamic
Performance Agent              False
Availability Set               False
OS Disk Size (GB)              
VM Size                        standard_ds3_v2
VM Extensions                  
NSG                            None
Public IP                      
Resource Name                  0b09035d125446e3a74153970c4efcaf
Zones                          
Image Version                  3.92.0
Tag Value                      
Boot Diagnostics               False

 *** 
 
 
 *** 
 obj  

Name                           Value
----                           -----
VM Name                        4ef5b4e0eb4f45648e7a40135d6bea40
Private IP Address             10.139.0.6
ID                             /subscriptions/0c405f85-9068-46a6-b1c7-766b17bbd…
Power State                    vm running
Resource Group                 databricks-rg-smi15dbk-jklhkrzkawkxi
Virtual Network                workers-vnet
Subnet                         public-subnet
Data Disk Size (GB)            384
Resource U                     1
SLA                            N/A
Location                       westeurope
Accelerated Networking         True
Update Management              imagedefault
OS Version                     18.04
Subscription                   MCAPS-Smithm-External
OS Disk Storage Type           
NIC Type                       standard
NIC Name                       4ef5b4e0eb4f45648e7a40135d6bea40-publicnic
Azure Services                 Azure Virtual Machines
Admin Username                 ubuntu
RPO                            N/A
Azure Monitor                  False
OS Type                        linux
RTO                            N/A
OS Name                        ubuntu
Hybrid Benefit                 None
Data Disk Storage Type         2 Disks found.
IP Forwarding                  False
Image Reference                azuredatabricks
Tag Name                       
DNS Servers                    
Private IP Allocation          dynamic
Performance Agent              False
Availability Set               False
OS Disk Size (GB)              
VM Size                        standard_ds3_v2
VM Extensions                  
NSG                            None
Public IP                      4ef5b4e0eb4f45648e7a40135d6bea40-publicip
Resource Name                  4ef5b4e0eb4f45648e7a40135d6bea40
Zones                          
Image Version                  3.92.0
Tag Value                      
Boot Diagnostics               False

 *** 
 
 
 *** 
 obj  

Name                           Value
----                           -----
VM Name                        4ef5b4e0eb4f45648e7a40135d6bea40
Private IP Address             10.139.64.6
ID                             /subscriptions/0c405f85-9068-46a6-b1c7-766b17bbd…
Power State                    vm running
Resource Group                 databricks-rg-smi15dbk-jklhkrzkawkxi
Virtual Network                workers-vnet
Subnet                         private-subnet
Data Disk Size (GB)            384
Resource U                     0
SLA                            N/A
Location                       westeurope
Accelerated Networking         True
Update Management              imagedefault
OS Version                     18.04
Subscription                   MCAPS-Smithm-External
OS Disk Storage Type           
NIC Type                       standard
NIC Name                       4ef5b4e0eb4f45648e7a40135d6bea40-privatenic
Azure Services                 Azure Virtual Machines
Admin Username                 ubuntu
RPO                            N/A
Azure Monitor                  False
OS Type                        linux
RTO                            N/A
OS Name                        ubuntu
Hybrid Benefit                 None
Data Disk Storage Type         2 Disks found.
IP Forwarding                  False
Image Reference                azuredatabricks
Tag Name                       
DNS Servers                    
Private IP Allocation          dynamic
Performance Agent              False
Availability Set               False
OS Disk Size (GB)              
VM Size                        standard_ds3_v2
VM Extensions                  
NSG                            None
Public IP                      
Resource Name                  4ef5b4e0eb4f45648e7a40135d6bea40
Zones                          
Image Version                  3.92.0
Tag Value                      
Boot Diagnostics               False

 *** 
 
 
 *** 
 obj  

Name                           Value
----                           -----
VM Name                        84d1a797df9042ae9958432afed52f5e
Private IP Address             10.139.0.5
ID                             /subscriptions/0c405f85-9068-46a6-b1c7-766b17bbd…
Power State                    vm running
Resource Group                 databricks-rg-smi15dbk-jklhkrzkawkxi
Virtual Network                workers-vnet
Subnet                         public-subnet
Data Disk Size (GB)            384
Resource U                     1
SLA                            N/A
Location                       westeurope
Accelerated Networking         True
Update Management              imagedefault
OS Version                     18.04
Subscription                   MCAPS-Smithm-External
OS Disk Storage Type           
NIC Type                       standard
NIC Name                       84d1a797df9042ae9958432afed52f5e-publicnic
Azure Services                 Azure Virtual Machines
Admin Username                 ubuntu
RPO                            N/A
Azure Monitor                  False
OS Type                        linux
RTO                            N/A
OS Name                        ubuntu
Hybrid Benefit                 None
Data Disk Storage Type         2 Disks found.
IP Forwarding                  False
Image Reference                azuredatabricks
Tag Name                       
DNS Servers                    
Private IP Allocation          dynamic
Performance Agent              False
Availability Set               False
OS Disk Size (GB)              
VM Size                        standard_ds3_v2
VM Extensions                  
NSG                            None
Public IP                      84d1a797df9042ae9958432afed52f5e-publicip
Resource Name                  84d1a797df9042ae9958432afed52f5e
Zones                          
Image Version                  3.92.0
Tag Value                      
Boot Diagnostics               False

 *** 
 
 
 *** 
 obj  

Name                           Value
----                           -----
VM Name                        84d1a797df9042ae9958432afed52f5e
Private IP Address             10.139.64.5
ID                             /subscriptions/0c405f85-9068-46a6-b1c7-766b17bbd…
Power State                    vm running
Resource Group                 databricks-rg-smi15dbk-jklhkrzkawkxi
Virtual Network                workers-vnet
Subnet                         private-subnet
Data Disk Size (GB)            384
Resource U                     0
SLA                            N/A
Location                       westeurope
Accelerated Networking         True
Update Management              imagedefault
OS Version                     18.04
Subscription                   MCAPS-Smithm-External
OS Disk Storage Type           
NIC Type                       standard
NIC Name                       84d1a797df9042ae9958432afed52f5e-privatenic
Azure Services                 Azure Virtual Machines
Admin Username                 ubuntu
RPO                            N/A
Azure Monitor                  False
OS Type                        linux
RTO                            N/A
OS Name                        ubuntu
Hybrid Benefit                 None
Data Disk Storage Type         2 Disks found.
IP Forwarding                  False
Image Reference                azuredatabricks
Tag Name                       
DNS Servers                    
Private IP Allocation          dynamic
Performance Agent              False
Availability Set               False
OS Disk Size (GB)              
VM Size                        standard_ds3_v2
VM Extensions                  
NSG                            None
Public IP                      
Resource Name                  84d1a797df9042ae9958432afed52f5e
Zones                          
Image Version                  3.92.0
Tag Value                      
Boot Diagnostics               False

 *** 
 
 
 *** 
 ExcelVar  

Name                           Value
----                           -----
Azure Services                 Azure Virtual Machines
NSG                            win11sea-nsg
Boot Diagnostics               True
Admin Username                 smithm
Image Reference                microsoftwindowsdesktop
Data Disk Size (GB)            
Azure Monitor                  False
OS Disk Storage Type           premium_lrs
Subscription                   MCAPS-Smithm-External
Accelerated Networking         True
OS Version                     
SLA                            99.9%
Update Management              automaticbyos
Power State                    vm deallocated
Zones                          
VM Name                        win11sea
Performance Agent              False
Data Disk Storage Type         
RPO                            LRS
Tag Name                       
Location                       southeastasia
DNS Servers                    
Virtual Network                2023-01-win11sea-vnet
Image Version                  22000.1335.221202
Private IP Allocation          dynamic
OS Name                        
NIC Name                       win11sea73
VM Size                        standard_d16s_v5
Tag Value                      
VM Extensions                  microsoft.azure.azuredefenderforservers,  microsoft.compute
Resource Name                  win11sea
Subnet                         default
Private IP Address             10.1.0.4
Availability Set               False
Hybrid Benefit                 windows_client
Resource Group                 2023-01-win11sea
NIC Type                       standard
Public IP                      win11sea-ip
ID                             /subscriptions/0c405f85-9068-46a6-b1c7-766b17bbd69a/resourcegroups/2023-01-win11sea/providers/microsoft.compute/virtualmachines/win11sea
OS Type                        windows
IP Forwarding                  False
Resource U                     1
OS Disk Size (GB)              127
RTO                            60 minutes
Azure Services                 Azure Virtual Machines
NSG                            None
Boot Diagnostics               False
Admin Username                 ubuntu
Image Reference                azuredatabricks
Data Disk Size (GB)            384
Azure Monitor                  False
OS Disk Storage Type           
Subscription                   MCAPS-Smithm-External
Accelerated Networking         True
OS Version                     18.04
SLA                            N/A
Update Management              imagedefault
Power State                    vm running
Zones                          
VM Name                        0b09035d125446e3a74153970c4efcaf
Performance Agent              False
Data Disk Storage Type         2 Disks found.
RPO                            N/A
Tag Name                       
Location                       westeurope
DNS Servers                    
Virtual Network                workers-vnet
Image Version                  3.92.0
Private IP Allocation          dynamic
OS Name                        ubuntu
NIC Name                       0b09035d125446e3a74153970c4efcaf-publicnic
VM Size                        standard_ds3_v2
Tag Value                      
VM Extensions                  
Resource Name                  0b09035d125446e3a74153970c4efcaf
Subnet                         public-subnet
Private IP Address             10.139.0.4
Availability Set               False
Hybrid Benefit                 None
Resource Group                 databricks-rg-smi15dbk-jklhkrzkawkxi
NIC Type                       standard
Public IP                      0b09035d125446e3a74153970c4efcaf-publicip
ID                             /subscriptions/0c405f85-9068-46a6-b1c7-766b17bbd69a/resourcegroups/databricks-rg-smi15dbk-jklhkrzkawkxi/providers/microsoft.compute/virtualmachines/0b09035d125446e3a74153970c4ef…
OS Type                        linux
IP Forwarding                  False
Resource U                     1
OS Disk Size (GB)              
RTO                            N/A
Azure Services                 Azure Virtual Machines
NSG                            None
Boot Diagnostics               False
Admin Username                 ubuntu
Image Reference                azuredatabricks
Data Disk Size (GB)            384
Azure Monitor                  False
OS Disk Storage Type           
Subscription                   MCAPS-Smithm-External
Accelerated Networking         True
OS Version                     18.04
SLA                            N/A
Update Management              imagedefault
Power State                    vm running
Zones                          
VM Name                        0b09035d125446e3a74153970c4efcaf
Performance Agent              False
Data Disk Storage Type         2 Disks found.
RPO                            N/A
Tag Name                       
Location                       westeurope
DNS Servers                    
Virtual Network                workers-vnet
Image Version                  3.92.0
Private IP Allocation          dynamic
OS Name                        ubuntu
NIC Name                       0b09035d125446e3a74153970c4efcaf-privatenic
VM Size                        standard_ds3_v2
Tag Value                      
VM Extensions                  
Resource Name                  0b09035d125446e3a74153970c4efcaf
Subnet                         private-subnet
Private IP Address             10.139.64.4
Availability Set               False
Hybrid Benefit                 None
Resource Group                 databricks-rg-smi15dbk-jklhkrzkawkxi
NIC Type                       standard
Public IP                      
ID                             /subscriptions/0c405f85-9068-46a6-b1c7-766b17bbd69a/resourcegroups/databricks-rg-smi15dbk-jklhkrzkawkxi/providers/microsoft.compute/virtualmachines/0b09035d125446e3a74153970c4ef…
OS Type                        linux
IP Forwarding                  False
Resource U                     0
OS Disk Size (GB)              
RTO                            N/A
Azure Services                 Azure Virtual Machines
NSG                            None
Boot Diagnostics               False
Admin Username                 ubuntu
Image Reference                azuredatabricks
Data Disk Size (GB)            384
Azure Monitor                  False
OS Disk Storage Type           
Subscription                   MCAPS-Smithm-External
Accelerated Networking         True
OS Version                     18.04
SLA                            N/A
Update Management              imagedefault
Power State                    vm running
Zones                          
VM Name                        4ef5b4e0eb4f45648e7a40135d6bea40
Performance Agent              False
Data Disk Storage Type         2 Disks found.
RPO                            N/A
Tag Name                       
Location                       westeurope
DNS Servers                    
Virtual Network                workers-vnet
Image Version                  3.92.0
Private IP Allocation          dynamic
OS Name                        ubuntu
NIC Name                       4ef5b4e0eb4f45648e7a40135d6bea40-publicnic
VM Size                        standard_ds3_v2
Tag Value                      
VM Extensions                  
Resource Name                  4ef5b4e0eb4f45648e7a40135d6bea40
Subnet                         public-subnet
Private IP Address             10.139.0.6
Availability Set               False
Hybrid Benefit                 None
Resource Group                 databricks-rg-smi15dbk-jklhkrzkawkxi
NIC Type                       standard
Public IP                      4ef5b4e0eb4f45648e7a40135d6bea40-publicip
ID                             /subscriptions/0c405f85-9068-46a6-b1c7-766b17bbd69a/resourcegroups/databricks-rg-smi15dbk-jklhkrzkawkxi/providers/microsoft.compute/virtualmachines/4ef5b4e0eb4f45648e7a40135d6be…
OS Type                        linux
IP Forwarding                  False
Resource U                     1
OS Disk Size (GB)              
RTO                            N/A
Azure Services                 Azure Virtual Machines
NSG                            None
Boot Diagnostics               False
Admin Username                 ubuntu
Image Reference                azuredatabricks
Data Disk Size (GB)            384
Azure Monitor                  False
OS Disk Storage Type           
Subscription                   MCAPS-Smithm-External
Accelerated Networking         True
OS Version                     18.04
SLA                            N/A
Update Management              imagedefault
Power State                    vm running
Zones                          
VM Name                        4ef5b4e0eb4f45648e7a40135d6bea40
Performance Agent              False
Data Disk Storage Type         2 Disks found.
RPO                            N/A
Tag Name                       
Location                       westeurope
DNS Servers                    
Virtual Network                workers-vnet
Image Version                  3.92.0
Private IP Allocation          dynamic
OS Name                        ubuntu
NIC Name                       4ef5b4e0eb4f45648e7a40135d6bea40-privatenic
VM Size                        standard_ds3_v2
Tag Value                      
VM Extensions                  
Resource Name                  4ef5b4e0eb4f45648e7a40135d6bea40
Subnet                         private-subnet
Private IP Address             10.139.64.6
Availability Set               False
Hybrid Benefit                 None
Resource Group                 databricks-rg-smi15dbk-jklhkrzkawkxi
NIC Type                       standard
Public IP                      
ID                             /subscriptions/0c405f85-9068-46a6-b1c7-766b17bbd69a/resourcegroups/databricks-rg-smi15dbk-jklhkrzkawkxi/providers/microsoft.compute/virtualmachines/4ef5b4e0eb4f45648e7a40135d6be…
OS Type                        linux
IP Forwarding                  False
Resource U                     0
OS Disk Size (GB)              
RTO                            N/A
Azure Services                 Azure Virtual Machines
NSG                            None
Boot Diagnostics               False
Admin Username                 ubuntu
Image Reference                azuredatabricks
Data Disk Size (GB)            384
Azure Monitor                  False
OS Disk Storage Type           
Subscription                   MCAPS-Smithm-External
Accelerated Networking         True
OS Version                     18.04
SLA                            N/A
Update Management              imagedefault
Power State                    vm running
Zones                          
VM Name                        84d1a797df9042ae9958432afed52f5e
Performance Agent              False
Data Disk Storage Type         2 Disks found.
RPO                            N/A
Tag Name                       
Location                       westeurope
DNS Servers                    
Virtual Network                workers-vnet
Image Version                  3.92.0
Private IP Allocation          dynamic
OS Name                        ubuntu
NIC Name                       84d1a797df9042ae9958432afed52f5e-publicnic
VM Size                        standard_ds3_v2
Tag Value                      
VM Extensions                  
Resource Name                  84d1a797df9042ae9958432afed52f5e
Subnet                         public-subnet
Private IP Address             10.139.0.5
Availability Set               False
Hybrid Benefit                 None
Resource Group                 databricks-rg-smi15dbk-jklhkrzkawkxi
NIC Type                       standard
Public IP                      84d1a797df9042ae9958432afed52f5e-publicip
ID                             /subscriptions/0c405f85-9068-46a6-b1c7-766b17bbd69a/resourcegroups/databricks-rg-smi15dbk-jklhkrzkawkxi/providers/microsoft.compute/virtualmachines/84d1a797df9042ae9958432afed52…
OS Type                        linux
IP Forwarding                  False
Resource U                     1
OS Disk Size (GB)              
RTO                            N/A
Azure Services                 Azure Virtual Machines
NSG                            None
Boot Diagnostics               False
Admin Username                 ubuntu
Image Reference                azuredatabricks
Data Disk Size (GB)            384
Azure Monitor                  False
OS Disk Storage Type           
Subscription                   MCAPS-Smithm-External
Accelerated Networking         True
OS Version                     18.04
SLA                            N/A
Update Management              imagedefault
Power State                    vm running
Zones                          
VM Name                        84d1a797df9042ae9958432afed52f5e
Performance Agent              False
Data Disk Storage Type         2 Disks found.
RPO                            N/A
Tag Name                       
Location                       westeurope
DNS Servers                    
Virtual Network                workers-vnet
Image Version                  3.92.0
Private IP Allocation          dynamic
OS Name                        ubuntu
NIC Name                       84d1a797df9042ae9958432afed52f5e-privatenic
VM Size                        standard_ds3_v2
Tag Value                      
VM Extensions                  
Resource Name                  84d1a797df9042ae9958432afed52f5e
Subnet                         private-subnet
Private IP Address             10.139.64.5
Availability Set               False
Hybrid Benefit                 None
Resource Group                 databricks-rg-smi15dbk-jklhkrzkawkxi
NIC Type                       standard
Public IP                      
ID                             /subscriptions/0c405f85-9068-46a6-b1c7-766b17bbd69a/resourcegroups/databricks-rg-smi15dbk-jklhkrzkawkxi/providers/microsoft.compute/virtualmachines/84d1a797df9042ae9958432afed52…
OS Type                        linux
IP Forwarding                  False
Resource U                     0
OS Disk Size (GB)              
RTO                            N/A

 *** 
 
